#
# A fatal error has been detected by the Java Runtime Environment:
#
#  EXCEPTION_ACCESS_VIOLATION (0xc0000005) at pc=0x000000005503f4d8, pid=2936, tid=0x00000000000011c0
#
# JRE version: OpenJDK Runtime Environment (8.0_202-b03) (build 1.8.0_202-release-1483-b03)
# Java VM: OpenJDK 64-Bit Server VM (25.202-b03 mixed mode windows-amd64 compressed oops)
# Problematic frame:
# V  [jvm.dll+0xef4d8]
#
# Failed to write core dump. Minidumps are not enabled by default on client versions of Windows
#
# If you would like to submit a bug report, please visit:
#   http://bugreport.java.com/bugreport/crash.jsp
#

---------------  T H R E A D  ---------------

Current thread (0x0000000002a37800):  GCTaskThread [stack: 0x00000000123f0000,0x00000000124f0000] [id=4544]

siginfo: ExceptionCode=0xc0000005, reading address 0xffffffffffffffff

Registers:
RAX=0x00000000127f0000, RBX=0x0000000000000004, RCX=0x0000000000000000, RDX=0x0000000000000000
RSP=0x00000000124efae0, RBP=0x00000000e686dac0, RSI=0x0000000000000003, RDI=0x00000000163b3e80
R8 =0x007fffffffb00000, R9 =0x0000000000000003, R10=0x000000000000000c, R11=0x0000000000000a64
R12=0x00000000e686dac4, R13=0x0000000100032908, R14=0x0000000100032910, R15=0x00000000e686daa8
RIP=0x000000005503f4d8, EFLAGS=0x0000000000010246

Top of Stack: (sp=0x00000000124efae0)
0x00000000124efae0:   00000000e67fd968 00000000e686dabc
0x00000000124efaf0:   0000000000000003 00000000163b3e80
0x00000000124efb00:   0000000000000000 00000000000003d8
0x00000000124efb10:   0000000002a37f18 0000000002a2e950
0x00000000124efb20:   0000000000000a63 0000000055315f40
0x00000000124efb30:   0000000016a6e360 00000000163664b0
0x00000000124efb40:   00000000163b3e80 0000000002a37b40
0x00000000124efb50:   0000000000000000 0000000000000c00
0x00000000124efb60:   0000000000000000 0000000000000000
0x00000000124efb70:   0000000000000000 000000001c677800
0x00000000124efb80:   0000000000000001 0000000000000001
0x00000000124efb90:   000099953a5f3d99 0000000002a37f18
0x00000000124efba0:   0000000002a37b40 00000000000003d8
0x00000000124efbb0:   0000000002a37b40 0000000002a2e950
0x00000000124efbc0:   0000000002a37b30 00000000163664b0
0x00000000124efbd0:   00000000163b3e80 0000000055312fc3 

Instructions: (pc=0x000000005503f4d8)
0x000000005503f4b8:   05 73 aa 6d 00 49 c1 e8 03 49 d3 e8 41 0f b6 c0
0x000000005503f4c8:   49 c1 e8 06 24 3f 0f b6 d0 48 8b 05 88 aa 6d 00
0x000000005503f4d8:   4a 8b 0c c0 48 0f a3 d1 0f 82 59 01 00 00 0f b6
0x000000005503f4e8:   15 84 09 6d 00 84 d2 74 16 44 8b 43 08 8b 0d 1d 


Register to memory mapping:

RAX=0x00000000127f0000 is an unknown value
RBX=0x0000000000000004 is an unknown value
RCX=0x0000000000000000 is an unknown value
RDX=0x0000000000000000 is an unknown value
RSP=0x00000000124efae0 is an unknown value
RBP=0x00000000e686dac0 is an oop

[error occurred during error reporting (printing register info), id 0xc0000005]

Stack: [0x00000000123f0000,0x00000000124f0000],  sp=0x00000000124efae0,  free space=1022k
Native frames: (J=compiled Java code, j=interpreted, Vv=VM code, C=native code)
V  [jvm.dll+0xef4d8]
V  [jvm.dll+0x3c5f40]
V  [jvm.dll+0x3c2fc3]
V  [jvm.dll+0x3c0d9e]
V  [jvm.dll+0x26f5ba]
C  [msvcr100.dll+0x21d9f]
C  [msvcr100.dll+0x21e3b]
C  [KERNEL32.DLL+0x13034]
C  [ntdll.dll+0x71471]


---------------  P R O C E S S  ---------------

Java Threads: ( => current thread )
  0x000000001c677800 JavaThread "Build operations Thread 4" [_thread_blocked, id=9852, stack(0x0000000020c60000,0x0000000020d60000)]
  0x000000001c67d000 JavaThread "Build operations Thread 3" [_thread_blocked, id=4616, stack(0x0000000020b60000,0x0000000020c60000)]
  0x000000001c67b800 JavaThread "Build operations Thread 2" [_thread_blocked, id=5072, stack(0x0000000020a60000,0x0000000020b60000)]
  0x000000001c67c000 JavaThread "Build operations" [_thread_blocked, id=6140, stack(0x0000000020960000,0x0000000020a60000)]
  0x000000001c67a800 JavaThread "Cache worker for execution history cache (C:\Users\Tym\.gradle\caches\5.4.1\executionHistory)" [_thread_blocked, id=1452, stack(0x0000000020660000,0x0000000020760000)]
  0x000000001c67a000 JavaThread "Cache worker for cache directory md-rule (C:\Users\Tym\.gradle\caches\5.4.1\md-rule)" [_thread_blocked, id=6284, stack(0x0000000020360000,0x0000000020460000)]
  0x0000000019085000 JavaThread "Cache worker for cache directory md-supplier (C:\Users\Tym\.gradle\caches\5.4.1\md-supplier)" [_thread_blocked, id=10952, stack(0x0000000020260000,0x0000000020360000)]
  0x000000001907f800 JavaThread "Cache worker for file hash cache (C:\Users\Tym\AndroidStudioProjects\SagaZ\.gradle\5.4.1\fileHashes)" [_thread_blocked, id=6196, stack(0x000000001e990000,0x000000001ea90000)]
  0x0000000019082800 JavaThread "Cache worker for journal cache (C:\Users\Tym\.gradle\caches\journal-1)" [_thread_blocked, id=1236, stack(0x000000001b180000,0x000000001b280000)]
  0x0000000019081000 JavaThread "File lock request listener" [_thread_in_native, id=1292, stack(0x000000001af80000,0x000000001b080000)]
  0x0000000019080800 JavaThread "Cache worker for file hash cache (C:\Users\Tym\.gradle\caches\5.4.1\fileHashes)" [_thread_blocked, id=9980, stack(0x000000001ae80000,0x000000001af80000)]
  0x00000000193ec800 JavaThread "Thread-9" [_thread_blocked, id=6828, stack(0x000000001ad80000,0x000000001ae80000)]
  0x00000000193e2000 JavaThread "Stdin handler" [_thread_blocked, id=11136, stack(0x000000001ac80000,0x000000001ad80000)]
  0x00000000184e3000 JavaThread "Asynchronous log dispatcher for DefaultDaemonConnection: socket connection from /127.0.0.1:53319 to /127.0.0.1:53320" [_thread_blocked, id=1480, stack(0x000000001ab80000,0x000000001ac80000)]
  0x00000000184e4800 JavaThread "Daemon worker" [_thread_blocked, id=10108, stack(0x000000001aa80000,0x000000001ab80000)]
  0x00000000191b9000 JavaThread "Cancel handler" [_thread_blocked, id=10576, stack(0x000000001a980000,0x000000001aa80000)]
  0x00000000193c6000 JavaThread "Handler for socket connection from /127.0.0.1:53319 to /127.0.0.1:53320" [_thread_in_native, id=8272, stack(0x000000001a680000,0x000000001a780000)]
  0x00000000193c3800 JavaThread "Daemon" [_thread_blocked, id=7420, stack(0x000000001a580000,0x000000001a680000)]
  0x0000000017ec8800 JavaThread "Daemon periodic checks" [_thread_blocked, id=5988, stack(0x000000001a480000,0x000000001a580000)]
  0x00000000185bd000 JavaThread "Incoming local TCP Connector on port 53319" [_thread_in_native, id=4508, stack(0x000000001a230000,0x000000001a330000)]
  0x0000000019232800 JavaThread "Daemon health stats" [_thread_blocked, id=10540, stack(0x0000000019bf0000,0x0000000019cf0000)]
  0x0000000017e3f000 JavaThread "Service Thread" daemon [_thread_blocked, id=7532, stack(0x0000000018220000,0x0000000018320000)]
  0x0000000016494800 JavaThread "C1 CompilerThread2" daemon [_thread_blocked, id=2320, stack(0x0000000017d20000,0x0000000017e20000)]
  0x000000001648d800 JavaThread "C2 CompilerThread1" daemon [_thread_blocked, id=5348, stack(0x0000000017c20000,0x0000000017d20000)]
  0x0000000016499000 JavaThread "C2 CompilerThread0" daemon [_thread_blocked, id=9648, stack(0x0000000017b20000,0x0000000017c20000)]
  0x0000000016498000 JavaThread "Attach Listener" daemon [_thread_blocked, id=2660, stack(0x0000000017a20000,0x0000000017b20000)]
  0x0000000016497000 JavaThread "Signal Dispatcher" daemon [_thread_blocked, id=9628, stack(0x0000000017920000,0x0000000017a20000)]
  0x0000000002b1d800 JavaThread "Finalizer" daemon [_thread_blocked, id=3580, stack(0x0000000017710000,0x0000000017810000)]
  0x0000000016479000 JavaThread "Reference Handler" daemon [_thread_blocked, id=7752, stack(0x0000000017610000,0x0000000017710000)]
  0x0000000002a1e000 JavaThread "main" [_thread_blocked, id=8216, stack(0x00000000028c0000,0x00000000029c0000)]

Other Threads:
  0x0000000016456000 VMThread [stack: 0x0000000017510000,0x0000000017610000] [id=10312]
  0x0000000017e3f800 WatcherThread [stack: 0x0000000018320000,0x0000000018420000] [id=7840]

=>0x0000000002a37800 (exited) GCTaskThread [stack: 0x00000000123f0000,0x00000000124f0000] [id=4544]

VM state:at safepoint (normal execution)

VM Mutex/Monitor currently owned by a thread:  ([mutex/lock_event])
[0x0000000002a1cd00] Threads_lock - owner thread: 0x0000000016456000
[0x0000000002a1ce80] Heap_lock - owner thread: 0x00000000184e4800

heap address: 0x00000000a0000000, size: 1536 MB, Compressed Oops mode: 32-bit
Narrow klass base: 0x0000000000000000, Narrow klass shift: 3
Compressed class space size: 1073741824 Address: 0x0000000100000000

Heap:
 PSYoungGen      total 110592K, used 10698K [0x00000000e0000000, 0x00000000e9780000, 0x0000000100000000)
  eden space 99840K, 0% used [0x00000000e0000000,0x00000000e0000000,0x00000000e6180000)
  from space 10752K, 99% used [0x00000000e6180000,0x00000000e6bf2930,0x00000000e6c00000)
  to   space 11776K, 0% used [0x00000000e8c00000,0x00000000e8c00000,0x00000000e9780000)
 ParOldGen       total 55296K, used 8365K [0x00000000a0000000, 0x00000000a3600000, 0x00000000e0000000)
  object space 55296K, 15% used [0x00000000a0000000,0x00000000a082b4c0,0x00000000a3600000)
 Metaspace       used 34493K, capacity 35216K, committed 35416K, reserved 1079296K
  class space    used 4753K, capacity 4943K, committed 4992K, reserved 1048576K

Card table byte_map: [0x0000000011ee0000,0x00000000121f0000] byte_map_base: 0x00000000119e0000

Marking Bits: (ParMarkBitMap*) 0x0000000055719f30
 Begin Bits: [0x00000000127f0000, 0x0000000013ff0000)
 End Bits:   [0x0000000013ff0000, 0x00000000157f0000)

Polling page: 0x0000000002700000

CodeCache: size=245760Kb used=11672Kb max_used=11688Kb free=234087Kb
 bounds [0x0000000002b20000, 0x00000000036a0000, 0x0000000011b20000]
 total_blobs=3928 nmethods=3230 adapters=611
 compilation: enabled

Compilation events (10 events):
Event: 12.558 Thread 0x0000000016494800 3287  s    3       java.lang.StringBuffer::append (13 bytes)
Event: 12.558 Thread 0x0000000016494800 nmethod 3287 0x000000000367e210 code [0x000000000367e380, 0x000000000367e6a8]
Event: 12.628 Thread 0x0000000016494800 3288       3       com.google.common.base.Preconditions::checkArgument (17 bytes)
Event: 12.628 Thread 0x0000000016494800 nmethod 3288 0x000000000367db90 code [0x000000000367dd20, 0x000000000367e0b8]
Event: 12.675 Thread 0x0000000016494800 3290   !   3       com.google.common.collect.MapMakerInternalMap$Segment::put (298 bytes)
Event: 12.677 Thread 0x0000000016494800 nmethod 3290 0x0000000003688250 code [0x00000000036885e0, 0x000000000368aa28]
Event: 12.677 Thread 0x0000000016494800 3289       3       com.google.common.collect.MapMakerInternalMap::putIfAbsent (29 bytes)
Event: 12.678 Thread 0x0000000016494800 nmethod 3289 0x000000000367cd50 code [0x000000000367cf40, 0x000000000367d748]
Event: 12.744 Thread 0x0000000016499000 3291   !   4       java.lang.ClassLoader::getPackage (118 bytes)
Event: 12.756 Thread 0x0000000016499000 nmethod 3291 0x000000000368fc10 code [0x000000000368fe00, 0x0000000003690f10]

GC Heap History (10 events):
Event: 2.985 GC heap after
Heap after GC invocations=6 (full 0):
 PSYoungGen      total 72704K, used 7667K [0x00000000e0000000, 0x00000000e5100000, 0x0000000100000000)
  eden space 62464K, 0% used [0x00000000e0000000,0x00000000e0000000,0x00000000e3d00000)
  from space 10240K, 74% used [0x00000000e4700000,0x00000000e4e7cd48,0x00000000e5100000)
  to   space 10240K, 0% used [0x00000000e3d00000,0x00000000e3d00000,0x00000000e4700000)
 ParOldGen       total 83456K, used 7639K [0x00000000a0000000, 0x00000000a5180000, 0x00000000e0000000)
  object space 83456K, 9% used [0x00000000a0000000,0x00000000a0775fc0,0x00000000a5180000)
 Metaspace       used 20682K, capacity 21120K, committed 21248K, reserved 1067008K
  class space    used 2914K, capacity 3066K, committed 3072K, reserved 1048576K
}
Event: 2.985 GC heap before
{Heap before GC invocations=7 (full 1):
 PSYoungGen      total 72704K, used 7667K [0x00000000e0000000, 0x00000000e5100000, 0x0000000100000000)
  eden space 62464K, 0% used [0x00000000e0000000,0x00000000e0000000,0x00000000e3d00000)
  from space 10240K, 74% used [0x00000000e4700000,0x00000000e4e7cd48,0x00000000e5100000)
  to   space 10240K, 0% used [0x00000000e3d00000,0x00000000e3d00000,0x00000000e4700000)
 ParOldGen       total 83456K, used 7639K [0x00000000a0000000, 0x00000000a5180000, 0x00000000e0000000)
  object space 83456K, 9% used [0x00000000a0000000,0x00000000a0775fc0,0x00000000a5180000)
 Metaspace       used 20682K, capacity 21120K, committed 21248K, reserved 1067008K
  class space    used 2914K, capacity 3066K, committed 3072K, reserved 1048576K
Event: 3.016 GC heap after
Heap after GC invocations=7 (full 1):
 PSYoungGen      total 72704K, used 0K [0x00000000e0000000, 0x00000000e5100000, 0x0000000100000000)
  eden space 62464K, 0% used [0x00000000e0000000,0x00000000e0000000,0x00000000e3d00000)
  from space 10240K, 0% used [0x00000000e4700000,0x00000000e4700000,0x00000000e5100000)
  to   space 10240K, 0% used [0x00000000e3d00000,0x00000000e3d00000,0x00000000e4700000)
 ParOldGen       total 55296K, used 8341K [0x00000000a0000000, 0x00000000a3600000, 0x00000000e0000000)
  object space 55296K, 15% used [0x00000000a0000000,0x00000000a08254c0,0x00000000a3600000)
 Metaspace       used 20682K, capacity 21120K, committed 21248K, reserved 1067008K
  class space    used 2914K, capacity 3066K, committed 3072K, reserved 1048576K
}
Event: 3.782 GC heap before
{Heap before GC invocations=8 (full 1):
 PSYoungGen      total 72704K, used 62464K [0x00000000e0000000, 0x00000000e5100000, 0x0000000100000000)
  eden space 62464K, 100% used [0x00000000e0000000,0x00000000e3d00000,0x00000000e3d00000)
  from space 10240K, 0% used [0x00000000e4700000,0x00000000e4700000,0x00000000e5100000)
  to   space 10240K, 0% used [0x00000000e3d00000,0x00000000e3d00000,0x00000000e4700000)
 ParOldGen       total 55296K, used 8341K [0x00000000a0000000, 0x00000000a3600000, 0x00000000e0000000)
  object space 55296K, 15% used [0x00000000a0000000,0x00000000a08254c0,0x00000000a3600000)
 Metaspace       used 28390K, capacity 28916K, committed 29440K, reserved 1075200K
  class space    used 3828K, capacity 4011K, committed 4096K, reserved 1048576K
Event: 3.790 GC heap after
Heap after GC invocations=8 (full 1):
 PSYoungGen      total 72704K, used 7378K [0x00000000e0000000, 0x00000000e7700000, 0x0000000100000000)
  eden space 62464K, 0% used [0x00000000e0000000,0x00000000e0000000,0x00000000e3d00000)
  from space 10240K, 72% used [0x00000000e3d00000,0x00000000e4434900,0x00000000e4700000)
  to   space 10240K, 0% used [0x00000000e6d00000,0x00000000e6d00000,0x00000000e7700000)
 ParOldGen       total 55296K, used 8349K [0x00000000a0000000, 0x00000000a3600000, 0x00000000e0000000)
  object space 55296K, 15% used [0x00000000a0000000,0x00000000a08274c0,0x00000000a3600000)
 Metaspace       used 28390K, capacity 28916K, committed 29440K, reserved 1075200K
  class space    used 3828K, capacity 4011K, committed 4096K, reserved 1048576K
}
Event: 4.776 GC heap before
{Heap before GC invocations=9 (full 1):
 PSYoungGen      total 72704K, used 69842K [0x00000000e0000000, 0x00000000e7700000, 0x0000000100000000)
  eden space 62464K, 100% used [0x00000000e0000000,0x00000000e3d00000,0x00000000e3d00000)
  from space 10240K, 72% used [0x00000000e3d00000,0x00000000e4434900,0x00000000e4700000)
  to   space 10240K, 0% used [0x00000000e6d00000,0x00000000e6d00000,0x00000000e7700000)
 ParOldGen       total 55296K, used 8349K [0x00000000a0000000, 0x00000000a3600000, 0x00000000e0000000)
  object space 55296K, 15% used [0x00000000a0000000,0x00000000a08274c0,0x00000000a3600000)
 Metaspace       used 31555K, capacity 32056K, committed 32512K, reserved 1077248K
  class space    used 4349K, capacity 4503K, committed 4608K, reserved 1048576K
Event: 4.786 GC heap after
Heap after GC invocations=9 (full 1):
 PSYoungGen      total 109568K, used 8142K [0x00000000e0000000, 0x00000000e7680000, 0x0000000100000000)
  eden space 99840K, 0% used [0x00000000e0000000,0x00000000e0000000,0x00000000e6180000)
  from space 9728K, 83% used [0x00000000e6d00000,0x00000000e74f3860,0x00000000e7680000)
  to   space 10752K, 0% used [0x00000000e6180000,0x00000000e6180000,0x00000000e6c00000)
 ParOldGen       total 55296K, used 8357K [0x00000000a0000000, 0x00000000a3600000, 0x00000000e0000000)
  object space 55296K, 15% used [0x00000000a0000000,0x00000000a08294c0,0x00000000a3600000)
 Metaspace       used 31555K, capacity 32056K, committed 32512K, reserved 1077248K
  class space    used 4349K, capacity 4503K, committed 4608K, reserved 1048576K
}
Event: 12.805 GC heap before
{Heap before GC invocations=10 (full 1):
 PSYoungGen      total 109568K, used 65949K [0x00000000e0000000, 0x00000000e7680000, 0x0000000100000000)
  eden space 99840K, 57% used [0x00000000e0000000,0x00000000e3873ca8,0x00000000e6180000)
  from space 9728K, 83% used [0x00000000e6d00000,0x00000000e74f3860,0x00000000e7680000)
  to   space 10752K, 0% used [0x00000000e6180000,0x00000000e6180000,0x00000000e6c00000)
 ParOldGen       total 55296K, used 8357K [0x00000000a0000000, 0x00000000a3600000, 0x00000000e0000000)
  object space 55296K, 15% used [0x00000000a0000000,0x00000000a08294c0,0x00000000a3600000)
 Metaspace       used 34493K, capacity 35216K, committed 35416K, reserved 1079296K
  class space    used 4753K, capacity 4943K, committed 4992K, reserved 1048576K
Event: 12.815 GC heap after
Heap after GC invocations=10 (full 1):
 PSYoungGen      total 110592K, used 10698K [0x00000000e0000000, 0x00000000e9780000, 0x0000000100000000)
  eden space 99840K, 0% used [0x00000000e0000000,0x00000000e0000000,0x00000000e6180000)
  from space 10752K, 99% used [0x00000000e6180000,0x00000000e6bf2930,0x00000000e6c00000)
  to   space 11776K, 0% used [0x00000000e8c00000,0x00000000e8c00000,0x00000000e9780000)
 ParOldGen       total 55296K, used 8365K [0x00000000a0000000, 0x00000000a3600000, 0x00000000e0000000)
  object space 55296K, 15% used [0x00000000a0000000,0x00000000a082b4c0,0x00000000a3600000)
 Metaspace       used 34493K, capacity 35216K, committed 35416K, reserved 1079296K
  class space    used 4753K, capacity 4943K, committed 4992K, reserved 1048576K
}
Event: 12.815 GC heap before
{Heap before GC invocations=11 (full 2):
 PSYoungGen      total 110592K, used 10698K [0x00000000e0000000, 0x00000000e9780000, 0x0000000100000000)
  eden space 99840K, 0% used [0x00000000e0000000,0x00000000e0000000,0x00000000e6180000)
  from space 10752K, 99% used [0x00000000e6180000,0x00000000e6bf2930,0x00000000e6c00000)
  to   space 11776K, 0% used [0x00000000e8c00000,0x00000000e8c00000,0x00000000e9780000)
 ParOldGen       total 55296K, used 8365K [0x00000000a0000000, 0x00000000a3600000, 0x00000000e0000000)
  object space 55296K, 15% used [0x00000000a0000000,0x00000000a082b4c0,0x00000000a3600000)
 Metaspace       used 34493K, capacity 35216K, committed 35416K, reserved 1079296K
  class space    used 4753K, capacity 4943K, committed 4992K, reserved 1048576K

Deoptimization events (10 events):
Event: 5.904 Thread 0x00000000184e4800 Uncommon trap: reason=class_check action=maybe_recompile pc=0x00000000030654a0 method=java.util.concurrent.ConcurrentHashMap.putVal(Ljava/lang/Object;Ljava/lang/Object;Z)Ljava/lang/Object; @ 192
Event: 5.933 Thread 0x000000001c67b800 Uncommon trap: reason=class_check action=maybe_recompile pc=0x00000000030654a0 method=java.util.concurrent.ConcurrentHashMap.putVal(Ljava/lang/Object;Ljava/lang/Object;Z)Ljava/lang/Object; @ 192
Event: 5.933 Thread 0x00000000184e4800 Uncommon trap: reason=class_check action=maybe_recompile pc=0x00000000030654a0 method=java.util.concurrent.ConcurrentHashMap.putVal(Ljava/lang/Object;Ljava/lang/Object;Z)Ljava/lang/Object; @ 192
Event: 5.933 Thread 0x000000001c67d000 Uncommon trap: reason=class_check action=maybe_recompile pc=0x00000000030654a0 method=java.util.concurrent.ConcurrentHashMap.putVal(Ljava/lang/Object;Ljava/lang/Object;Z)Ljava/lang/Object; @ 192
Event: 7.030 Thread 0x00000000184e4800 Uncommon trap: reason=unstable_if action=reinterpret pc=0x00000000033d5294 method=org.codehaus.groovy.runtime.metaclass.MetaMethodIndex.addMethodToList(Ljava/lang/Object;Lgroovy/lang/MetaMethod;)Ljava/lang/Object; @ 226
Event: 12.001 Thread 0x00000000184e4800 Uncommon trap: reason=unstable_if action=reinterpret pc=0x0000000002fa0c20 method=java.util.WeakHashMap.expungeStaleEntries()V @ 66
Event: 12.570 Thread 0x00000000184e4800 Uncommon trap: reason=bimorphic action=maybe_recompile pc=0x0000000003165bec method=java.lang.ClassLoader.getPackage(Ljava/lang/String;)Ljava/lang/Package; @ 47
Event: 12.570 Thread 0x00000000184e4800 Uncommon trap: reason=bimorphic action=maybe_recompile pc=0x0000000003165bec method=java.lang.ClassLoader.getPackage(Ljava/lang/String;)Ljava/lang/Package; @ 47
Event: 12.570 Thread 0x00000000184e4800 Uncommon trap: reason=bimorphic action=maybe_recompile pc=0x0000000003165bec method=java.lang.ClassLoader.getPackage(Ljava/lang/String;)Ljava/lang/Package; @ 47
Event: 12.570 Thread 0x00000000184e4800 Uncommon trap: reason=bimorphic action=maybe_recompile pc=0x0000000003165bec method=java.lang.ClassLoader.getPackage(Ljava/lang/String;)Ljava/lang/Package; @ 47

Classes redefined (0 events):
No events

Internal exceptions (10 events):
Event: 12.222 Thread 0x00000000184e4800 Exception <a 'java/lang/ClassNotFoundException': org/gradle/api/internal/AbstractTaskBeanInfo> (0x00000000e3283558) thrown at [D:\src\AOSP-openjdk-cygwin\jdk8u\hotspot\src\share\vm\classfile\systemDictionary.cpp, line 210]
Event: 12.223 Thread 0x00000000184e4800 Exception <a 'java/lang/ClassNotFoundException': org/gradle/api/internal/AbstractTaskCustomizer> (0x00000000e32b2818) thrown at [D:\src\AOSP-openjdk-cygwin\jdk8u\hotspot\src\share\vm\classfile\systemDictionary.cpp, line 210]
Event: 12.228 Thread 0x00000000184e4800 Exception <a 'java/lang/ClassNotFoundException': org/gradle/api/DefaultTaskCustomizer> (0x00000000e333afb0) thrown at [D:\src\AOSP-openjdk-cygwin\jdk8u\hotspot\src\share\vm\classfile\systemDictionary.cpp, line 210]
Event: 12.230 Thread 0x00000000184e4800 Exception <a 'java/lang/ClassNotFoundException': org/gradle/api/internal/ConventionTaskCustomizer> (0x00000000e3379738) thrown at [D:\src\AOSP-openjdk-cygwin\jdk8u\hotspot\src\share\vm\classfile\systemDictionary.cpp, line 210]
Event: 12.231 Thread 0x00000000184e4800 Exception <a 'java/lang/ClassNotFoundException': org/gradle/api/tasks/DeleteCustomizer> (0x00000000e33b5350) thrown at [D:\src\AOSP-openjdk-cygwin\jdk8u\hotspot\src\share\vm\classfile\systemDictionary.cpp, line 210]
Event: 12.232 Thread 0x00000000184e4800 Exception <a 'java/lang/ClassNotFoundException': org/gradle/api/tasks/Delete_DecoratedCustomizer> (0x00000000e33fe158) thrown at [D:\src\AOSP-openjdk-cygwin\jdk8u\hotspot\src\share\vm\classfile\systemDictionary.cpp, line 210]
Event: 12.540 Thread 0x00000000184e4800 Exception <a 'java/lang/ClassNotFoundException': build_9gx7yla8pqkv02dto34kdn39jBeanInfo> (0x00000000e34efe80) thrown at [D:\src\AOSP-openjdk-cygwin\jdk8u\hotspot\src\share\vm\classfile\systemDictionary.cpp, line 210]
Event: 12.541 Thread 0x00000000184e4800 Exception <a 'java/lang/ClassNotFoundException': build_9gx7yla8pqkv02dto34kdn39jCustomizer> (0x00000000e34fba30) thrown at [D:\src\AOSP-openjdk-cygwin\jdk8u\hotspot\src\share\vm\classfile\systemDictionary.cpp, line 210]
Event: 12.549 Thread 0x00000000184e4800 Exception <a 'java/lang/ClassNotFoundException': org/gradle/api/internal/plugins/DefaultObjectConfigurationActionBeanInfo> (0x00000000e356ad88) thrown at [D:\src\AOSP-openjdk-cygwin\jdk8u\hotspot\src\share\vm\classfile\systemDictionary.cpp, line 210]
Event: 12.550 Thread 0x00000000184e4800 Exception <a 'java/lang/ClassNotFoundException': org/gradle/api/internal/plugins/DefaultObjectConfigurationActionCustomizer> (0x00000000e35a8348) thrown at [D:\src\AOSP-openjdk-cygwin\jdk8u\hotspot\src\share\vm\classfile\systemDictionary.cpp, line 210]

Events (10 events):
Event: 12.766 loading class com/android/builder/model/BuildType done
Event: 12.768 loading class com/android/builder/model/BaseConfig
Event: 12.768 loading class com/android/builder/model/BaseConfig done
Event: 12.769 loading class com/android/build/gradle/internal/plugin/TypedPluginDelegate
Event: 12.769 loading class com/android/build/gradle/internal/plugin/TypedPluginDelegate done
Event: 12.788 loading class com/android/build/gradle/internal/variant/VariantFactory
Event: 12.788 loading class com/android/build/gradle/internal/variant/VariantFactory done
Event: 12.802 loading class com/android/build/gradle/internal/TaskManager
Event: 12.802 loading class com/android/build/gradle/internal/TaskManager done
Event: 12.805 Executing VM operation: CollectForMetadataAllocation


Dynamic libraries:
0x00007ff74ef50000 - 0x00007ff74ef81000 	C:\Program Files\Android\Android Studio\jre\bin\java.exe
0x00007ffa367d0000 - 0x00007ffa369b1000 	C:\WINDOWS\SYSTEM32\ntdll.dll
0x00007ffa33f30000 - 0x00007ffa33fe2000 	C:\WINDOWS\System32\KERNEL32.DLL
0x00007ffa339b0000 - 0x00007ffa33c23000 	C:\WINDOWS\System32\KERNELBASE.dll
0x00007ffa33e80000 - 0x00007ffa33f21000 	C:\WINDOWS\System32\ADVAPI32.dll
0x00007ffa34a60000 - 0x00007ffa34afe000 	C:\WINDOWS\System32\msvcrt.dll
0x00007ffa34730000 - 0x00007ffa3478b000 	C:\WINDOWS\System32\sechost.dll
0x00007ffa34790000 - 0x00007ffa348b4000 	C:\WINDOWS\System32\RPCRT4.dll
0x00007ffa348d0000 - 0x00007ffa34a60000 	C:\WINDOWS\System32\USER32.dll
0x00007ffa33280000 - 0x00007ffa332a0000 	C:\WINDOWS\System32\win32u.dll
0x00007ffa34530000 - 0x00007ffa34558000 	C:\WINDOWS\System32\GDI32.dll
0x00007ffa33030000 - 0x00007ffa331c2000 	C:\WINDOWS\System32\gdi32full.dll
0x00007ffa32f90000 - 0x00007ffa3302f000 	C:\WINDOWS\System32\msvcp_win.dll
0x00007ffa32e90000 - 0x00007ffa32f8a000 	C:\WINDOWS\System32\ucrtbase.dll
0x00007ffa27100000 - 0x00007ffa27369000 	C:\WINDOWS\WinSxS\amd64_microsoft.windows.common-controls_6595b64144ccf1df_6.0.17134.376_none_fb439a3730647da2\COMCTL32.dll
0x00007ffa34040000 - 0x00007ffa34363000 	C:\WINDOWS\System32\combase.dll
0x00007ffa32e10000 - 0x00007ffa32e8a000 	C:\WINDOWS\System32\bcryptPrimitives.dll
0x00007ffa34010000 - 0x00007ffa3403d000 	C:\WINDOWS\System32\IMM32.DLL
0x00007ffa1df60000 - 0x00007ffa1e05c000 	C:\Program Files\Diebold\Warsaw\wslbscrwh64.dll
0x00007ffa31810000 - 0x00007ffa31841000 	C:\WINDOWS\SYSTEM32\ntmarta.dll
0x00007ffa27870000 - 0x00007ffa2798f000 	C:\Program Files\Diebold\Warsaw\wslbscr64.dll
0x00007ffa35330000 - 0x00007ffa3676f000 	C:\WINDOWS\System32\SHELL32.dll
0x00007ffa32b70000 - 0x00007ffa32bb9000 	C:\WINDOWS\System32\cfgmgr32.dll
0x0000000002520000 - 0x00000000025c9000 	C:\WINDOWS\System32\shcore.dll
0x00007ffa332a0000 - 0x00007ffa339ad000 	C:\WINDOWS\System32\windows.storage.dll
0x00007ffa346d0000 - 0x00007ffa34721000 	C:\WINDOWS\System32\shlwapi.dll
0x00007ffa32b50000 - 0x00007ffa32b61000 	C:\WINDOWS\System32\kernel.appcore.dll
0x00007ffa32ab0000 - 0x00007ffa32acf000 	C:\WINDOWS\System32\profapi.dll
0x00007ffa32b00000 - 0x00007ffa32b4c000 	C:\WINDOWS\System32\powrprof.dll
0x00007ffa32ad0000 - 0x00007ffa32ada000 	C:\WINDOWS\System32\FLTLIB.DLL
0x0000000054d90000 - 0x0000000054e62000 	C:\Program Files\Android\Android Studio\jre\jre\bin\msvcr100.dll
0x0000000054f50000 - 0x0000000055796000 	C:\Program Files\Android\Android Studio\jre\jre\bin\server\jvm.dll
0x00007ffa34b00000 - 0x00007ffa34b08000 	C:\WINDOWS\System32\PSAPI.DLL
0x00007ffa30960000 - 0x00007ffa30983000 	C:\WINDOWS\SYSTEM32\WINMM.dll
0x00007ffa32590000 - 0x00007ffa32599000 	C:\WINDOWS\SYSTEM32\WSOCK32.dll
0x00007ffa26570000 - 0x00007ffa2657a000 	C:\WINDOWS\SYSTEM32\VERSION.dll
0x00007ffa30930000 - 0x00007ffa3095a000 	C:\WINDOWS\SYSTEM32\winmmbase.dll
0x0000000002850000 - 0x00000000028bc000 	C:\WINDOWS\System32\ws2_32.DLL
0x00007ffa27e90000 - 0x00007ffa27e9f000 	C:\Program Files\Android\Android Studio\jre\jre\bin\verify.dll
0x00007ffa25030000 - 0x00007ffa25059000 	C:\Program Files\Android\Android Studio\jre\jre\bin\java.dll
0x00007ffa234f0000 - 0x00007ffa23506000 	C:\Program Files\Android\Android Studio\jre\jre\bin\zip.dll
0x00007ffa21f90000 - 0x00007ffa21faa000 	C:\Program Files\Android\Android Studio\jre\jre\bin\net.dll
0x00007ffa31fd0000 - 0x00007ffa32036000 	C:\WINDOWS\system32\mswsock.dll
0x00007ffa20270000 - 0x00007ffa20281000 	C:\Program Files\Android\Android Studio\jre\jre\bin\nio.dll
0x00007ffa1f510000 - 0x00007ffa1f536000 	C:\Users\Tym\.gradle\native\29\windows-amd64\native-platform.dll
0x00007ffa27e80000 - 0x00007ffa27e8d000 	C:\Program Files\Android\Android Studio\jre\jre\bin\management.dll
0x00007ffa327d0000 - 0x00007ffa327e7000 	C:\WINDOWS\SYSTEM32\CRYPTSP.dll
0x00007ffa31bb0000 - 0x00007ffa31be3000 	C:\WINDOWS\system32\rsaenh.dll
0x00007ffa32560000 - 0x00007ffa32585000 	C:\WINDOWS\SYSTEM32\bcrypt.dll
0x00007ffa329e0000 - 0x00007ffa32a08000 	C:\WINDOWS\SYSTEM32\USERENV.dll
0x00007ffa32180000 - 0x00007ffa3218b000 	C:\WINDOWS\SYSTEM32\CRYPTBASE.dll
0x00007ffa31d50000 - 0x00007ffa31d88000 	C:\WINDOWS\SYSTEM32\IPHLPAPI.DLL
0x00007ffa346c0000 - 0x00007ffa346c8000 	C:\WINDOWS\System32\NSI.dll
0x00007ffa2ba40000 - 0x00007ffa2ba56000 	C:\WINDOWS\SYSTEM32\dhcpcsvc6.DLL
0x00007ffa2ba20000 - 0x00007ffa2ba3a000 	C:\WINDOWS\SYSTEM32\dhcpcsvc.DLL
0x00007ffa32600000 - 0x00007ffa327c9000 	C:\WINDOWS\SYSTEM32\dbghelp.dll

VM Arguments:
jvm_args: -Xmx1536m -Dfile.encoding=windows-1252 -Duser.country=BR -Duser.language=pt -Duser.variant 
java_command: org.gradle.launcher.daemon.bootstrap.GradleDaemon 5.4.1
java_class_path (initial): C:\Users\Tym\.gradle\wrapper\dists\gradle-5.4.1-all\3221gyojl5jsh0helicew7rwx\gradle-5.4.1\lib\gradle-launcher-5.4.1.jar
Launcher Type: SUN_STANDARD

Environment Variables:
PATH=C:\Program Files (x86)\Common Files\Oracle\Java\javapath;C:\ProgramData\Oracle\Java\javapath;C:\WINDOWS\system32;C:\WINDOWS;C:\WINDOWS\System32\Wbem;C:\WINDOWS\System32\WindowsPowerShell\v1.0\;C:\WINDOWS\system32;C:\WINDOWS;C:\WINDOWS\System32\Wbem;C:\WINDOWS\System32\WindowsPowerShell\v1.0\;C:\WINDOWS\System32\OpenSSH\;C:\Program Files\Git\cmd;C:\Program Files\dotnet\;C:\Program Files\nodejs\;C:\wamp64\bin\php\php5.6.38;C:\ProgramData\ComposerSetup\bin;C:\php;C:\laragon\bin\php\php-7.1.33-Win32-VC14-x64;C:\laragon\bin\php\php-7.2.19-Win32-VC15-x64;C:\Users\Tym\AppData\Local\Microsoft\WindowsApps;C:\MultiSync\lc\_lca.zip\;C:\Users\Tym\AppData\Roaming\npm;C:\Users\Tym\AppData\Local\Programs\Microsoft VS Code\bin;C:\Program Files\MySQL\MySQL Workbench 8.0 CE;C:\Users\Tym\AppData\Roaming\Composer\vendor\bin;C:\laragon\bin\php\php-7.2.19-Win32-VC15-x64;C:\php;C:\laragon\bin\php\php-7.1.33-Win32-VC14-x64;
USERNAME=Tym
OS=Windows_NT
PROCESSOR_IDENTIFIER=Intel64 Family 6 Model 42 Stepping 7, GenuineIntel



---------------  S Y S T E M  ---------------

OS: Windows 10.0 , 64 bit Build 17134 (10.0.17134.1)

CPU:total 4 (initial active 4) (4 cores per cpu, 1 threads per core) family 6 model 42 stepping 7, cmov, cx8, fxsr, mmx, sse, sse2, sse3, ssse3, sse4.1, sse4.2, popcnt, avx, aes, clmul, tsc, tscinvbit

Memory: 4k page, physical 7877692k(2906712k free), swap 10515464k(5130916k free)

vm_info: OpenJDK 64-Bit Server VM (25.202-b03) for windows-amd64 JRE (1.8.0_202-release-1483-b03), built by "builder" with MS VC++ 10.0 (VS2010)

time: Tue Nov 12 22:59:23 2019
timezone: Hora oficial do Brasil
elapsed time: 13 seconds (0d 0h 0m 13s)

