#
# A fatal error has been detected by the Java Runtime Environment:
#
#  EXCEPTION_ACCESS_VIOLATION (0xc0000005) at pc=0x00000000758acc54, pid=4148, tid=0x000000000000254c
#
# JRE version: OpenJDK Runtime Environment (8.0_202-b03) (build 1.8.0_202-release-1483-b03)
# Java VM: OpenJDK 64-Bit Server VM (25.202-b03 mixed mode windows-amd64 compressed oops)
# Problematic frame:
# V  [jvm.dll+0x4fcc54]
#
# Failed to write core dump. Minidumps are not enabled by default on client versions of Windows
#
# If you would like to submit a bug report, please visit:
#   http://bugreport.java.com/bugreport/crash.jsp
#

---------------  T H R E A D  ---------------

Current thread (0x0000000016e0e800):  JavaThread "C2 CompilerThread1" daemon [_thread_in_native, id=9548, stack(0x0000000018590000,0x0000000018690000)]

siginfo: ExceptionCode=0xc0000005, reading address 0xffffffffffffffff

Registers:
RAX=0x0000000080008c98, RBX=0x0000000030128bf0, RCX=0x000000001979f708, RDX=0x2c4957f800000000
RSP=0x000000001868bb60, RBP=0x0000000000000000, RSI=0x000000001c0ee400, RDI=0x0000000000000000
R8 =0x000000001979f708, R9 =0x0000000000000000, R10=0x000000001868d470, R11=0x00000000759eca38
R12=0x000000001979f708, R13=0x0000000000000000, R14=0x0000000080008c98, R15=0x000000001979f708
RIP=0x00000000758acc54, EFLAGS=0x0000000000010206

Top of Stack: (sp=0x000000001868bb60)
0x000000001868bb60:   0000000030122f90 00000000758af9ed
0x000000001868bb70:   000000001c0ee400 00000000758ae13e
0x000000001868bb80:   000000002c495768 00000000758b8c6e
0x000000001868bb90:   000000001979f708 0000000000000001
0x000000001868bba0:   000000001c0ee400 00000000758b0094
0x000000001868bbb0:   0000000000000000 0000000000000001
0x000000001868bbc0:   0000000080000001 00000000ffffffff
0x000000001868bbd0:   0000000000000000 0000000000000000
0x000000001868bbe0:   000000002c495768 00000000758ae2d4
0x000000001868bbf0:   000000001979f708 0000000000000001
0x000000001868bc00:   000000001c0ee400 0000000000000000
0x000000001868bc10:   000000002c495768 00000000758b4be3
0x000000001868bc20:   0000000000000000 000000002c4957f8
0x000000001868bc30:   000000002c4957f8 000000002c495768
0x000000001868bc40:   0000000000000000 00000000ffffffff
0x000000001868bc50:   0000000000000000 0000000080000001 

Instructions: (pc=0x00000000758acc54)
0x00000000758acc34:   00 e8 46 fe ff ff 48 8b 7c 24 30 48 8b 5c 24 38
0x00000000758acc44:   48 83 c4 20 5e c3 cc cc cc cc cc cc 48 83 ec 28
0x00000000758acc54:   8b 42 10 39 41 10 74 0a b8 01 00 00 00 48 83 c4
0x00000000758acc64:   28 c3 48 8b 01 ff 10 33 c9 84 c0 0f 94 c1 8b c1 


Register to memory mapping:

RAX=0x0000000080008c98 is an unknown value
RBX=0x0000000030128bf0 is an unknown value
RCX=0x000000001979f708 is an unknown value
RDX=0x2c4957f800000000 is an unknown value
RSP=0x000000001868bb60 is pointing into the stack for thread: 0x0000000016e0e800
RBP=0x0000000000000000 is an unknown value
RSI=0x000000001c0ee400 is an unknown value
RDI=0x0000000000000000 is an unknown value
R8 =0x000000001979f708 is an unknown value
R9 =0x0000000000000000 is an unknown value
R10=0x000000001868d470 is pointing into the stack for thread: 0x0000000016e0e800
R11=0x00000000759eca38 is an unknown value
R12=0x000000001979f708 is an unknown value
R13=0x0000000000000000 is an unknown value
R14=0x0000000080008c98 is an unknown value
R15=0x000000001979f708 is an unknown value


Stack: [0x0000000018590000,0x0000000018690000],  sp=0x000000001868bb60,  free space=1006k
Native frames: (J=compiled Java code, j=interpreted, Vv=VM code, C=native code)


Current CompileTask:
C2:2206766 17150 %     4       com.android.tools.r8.ir.regalloc.LinearScanRegisterAllocator::a @ 2036 (3743 bytes)


---------------  P R O C E S S  ---------------

Java Threads: ( => current thread )
  0x00000000205a2000 JavaThread "stdout" [_thread_in_native, id=10344, stack(0x0000000028bb0000,0x0000000028cb0000)]
  0x000000002059f800 JavaThread "stderr" [_thread_in_native, id=2976, stack(0x0000000028ab0000,0x0000000028bb0000)]
  0x00000000205a4800 JavaThread "pool-6-thread-1" [_thread_blocked, id=3992, stack(0x00000000289b0000,0x0000000028ab0000)]
  0x00000000205a3800 JavaThread "WorkerExecutor Queue Thread 2" [_thread_blocked, id=8892, stack(0x00000000288b0000,0x00000000289b0000)]
  0x0000000019a88000 JavaThread "WorkerExecutor Queue" [_thread_blocked, id=4232, stack(0x00000000287b0000,0x00000000288b0000)]
  0x0000000019a87800 JavaThread "Cache worker for execution history cache (C:\Users\Tym\AndroidStudioProjects\SagaZ\.gradle\5.4.1\executionHistory)" [_thread_blocked, id=444, stack(0x00000000286b0000,0x00000000287b0000)]
  0x000000001cba6800 JavaThread "Execution worker for ':' Thread 3" [_thread_in_vm, id=4640, stack(0x00000000285b0000,0x00000000286b0000)]
  0x000000001cba2800 JavaThread "Execution worker for ':' Thread 2" [_thread_in_Java, id=9084, stack(0x00000000284b0000,0x00000000285b0000)]
  0x000000001cba6000 JavaThread "Execution worker for ':'" [_thread_in_Java, id=7028, stack(0x00000000283b0000,0x00000000284b0000)]
  0x000000001cba8000 JavaThread "Cache worker for file content cache (C:\Users\Tym\AndroidStudioProjects\SagaZ\.gradle\5.4.1\fileContent)" [_thread_blocked, id=8040, stack(0x00000000282b0000,0x00000000283b0000)]
  0x000000001d4e4800 JavaThread "Cache worker for Build Output Cleanup Cache (C:\Users\Tym\AndroidStudioProjects\SagaZ\.gradle\buildOutputCleanup)" [_thread_blocked, id=7040, stack(0x00000000281b0000,0x00000000282b0000)]
  0x000000001d4e4000 JavaThread "Build operations Thread 4" [_thread_blocked, id=8108, stack(0x00000000280b0000,0x00000000281b0000)]
  0x000000001d4e3000 JavaThread "Build operations Thread 3" [_thread_blocked, id=9700, stack(0x0000000027fb0000,0x00000000280b0000)]
  0x000000001d4e5800 JavaThread "Build operations Thread 2" [_thread_blocked, id=8688, stack(0x0000000027eb0000,0x0000000027fb0000)]
  0x000000001d4e2800 JavaThread "Build operations" [_thread_blocked, id=10528, stack(0x0000000027db0000,0x0000000027eb0000)]
  0x000000001d4e1800 JavaThread "Cache worker for cache directory md-rule (C:\Users\Tym\.gradle\caches\5.4.1\md-rule)" [_thread_blocked, id=9508, stack(0x0000000027cb0000,0x0000000027db0000)]
  0x000000001d4da000 JavaThread "Cache worker for cache directory md-supplier (C:\Users\Tym\.gradle\caches\5.4.1\md-supplier)" [_thread_blocked, id=8776, stack(0x0000000027bb0000,0x0000000027cb0000)]
  0x000000001d4e1000 JavaThread "Cache worker for file hash cache (C:\Users\Tym\AndroidStudioProjects\SagaZ\.gradle\5.4.1\fileHashes)" [_thread_blocked, id=10364, stack(0x0000000027ab0000,0x0000000027bb0000)]
  0x000000001d4dc000 JavaThread "Thread-56" [_thread_blocked, id=9656, stack(0x00000000279b0000,0x0000000027ab0000)]
  0x000000001d4e0000 JavaThread "Stdin handler" [_thread_blocked, id=4424, stack(0x00000000278b0000,0x00000000279b0000)]
  0x000000001d4df000 JavaThread "Asynchronous log dispatcher for DefaultDaemonConnection: socket connection from /127.0.0.1:49938 to /127.0.0.1:50613" [_thread_blocked, id=9580, stack(0x00000000277b0000,0x00000000278b0000)]
  0x000000001d4dd000 JavaThread "Daemon worker Thread 3" [_thread_in_Java, id=4492, stack(0x00000000276b0000,0x00000000277b0000)]
  0x000000001d4d7000 JavaThread "Cancel handler" [_thread_blocked, id=11072, stack(0x00000000275b0000,0x00000000276b0000)]
  0x000000001d4da800 JavaThread "Handler for socket connection from /127.0.0.1:49938 to /127.0.0.1:50613" [_thread_in_native, id=8636, stack(0x00000000274b0000,0x00000000275b0000)]
  0x000000001d4d8800 JavaThread "Daemon Thread 3" [_thread_blocked, id=10620, stack(0x00000000273b0000,0x00000000274b0000)]
  0x000000001d4e6000 JavaThread "Cache worker for file content cache (C:\Users\Tym\.gradle\caches\5.4.1\fileContent)" [_thread_blocked, id=9280, stack(0x00000000264b0000,0x00000000265b0000)]
  0x000000001d4d7800 JavaThread "Memory manager" [_thread_blocked, id=9732, stack(0x0000000022910000,0x0000000022a10000)]
  0x000000001d4dd800 JavaThread "Cache worker for execution history cache (C:\Users\Tym\.gradle\caches\5.4.1\executionHistory)" [_thread_blocked, id=6336, stack(0x0000000021010000,0x0000000021110000)]
  0x0000000019a83000 JavaThread "Cache worker for journal cache (C:\Users\Tym\.gradle\caches\journal-1)" [_thread_blocked, id=1328, stack(0x000000001baf0000,0x000000001bbf0000)]
  0x0000000019a89800 JavaThread "File lock request listener" [_thread_in_native, id=9344, stack(0x000000001b8f0000,0x000000001b9f0000)]
  0x0000000019a89000 JavaThread "Cache worker for file hash cache (C:\Users\Tym\.gradle\caches\5.4.1\fileHashes)" [_thread_blocked, id=1532, stack(0x000000001b7f0000,0x000000001b8f0000)]
  0x0000000018a64000 JavaThread "Daemon periodic checks" [_thread_blocked, id=10168, stack(0x000000001adf0000,0x000000001aef0000)]
  0x0000000018edc800 JavaThread "Incoming local TCP Connector on port 49938" [_thread_in_native, id=5708, stack(0x000000001aba0000,0x000000001aca0000)]
  0x0000000019da0800 JavaThread "Daemon health stats" [_thread_blocked, id=8400, stack(0x000000001a560000,0x000000001a660000)]
  0x00000000187b0800 JavaThread "Service Thread" daemon [_thread_blocked, id=8560, stack(0x0000000018b90000,0x0000000018c90000)]
  0x0000000016e1a000 JavaThread "C1 CompilerThread2" daemon [_thread_blocked, id=8080, stack(0x0000000018690000,0x0000000018790000)]
=>0x0000000016e0e800 JavaThread "C2 CompilerThread1" daemon [_thread_in_native, id=9548, stack(0x0000000018590000,0x0000000018690000)]
  0x0000000016e09800 JavaThread "C2 CompilerThread0" daemon [_thread_in_native, id=10816, stack(0x0000000018490000,0x0000000018590000)]
  0x0000000016e17000 JavaThread "Attach Listener" daemon [_thread_blocked, id=8164, stack(0x0000000018390000,0x0000000018490000)]
  0x0000000016e16000 JavaThread "Signal Dispatcher" daemon [_thread_blocked, id=10052, stack(0x0000000018290000,0x0000000018390000)]
  0x000000000346b000 JavaThread "Finalizer" daemon [_thread_blocked, id=11000, stack(0x0000000018070000,0x0000000018170000)]
  0x0000000016df9000 JavaThread "Reference Handler" daemon [_thread_blocked, id=3372, stack(0x0000000017f70000,0x0000000018070000)]
  0x000000000312e000 JavaThread "main" [_thread_blocked, id=7556, stack(0x0000000003270000,0x0000000003370000)]

Other Threads:
  0x0000000016dd6000 VMThread [stack: 0x0000000017e70000,0x0000000017f70000] [id=8116]
  0x00000000187b3000 WatcherThread [stack: 0x0000000018c90000,0x0000000018d90000] [id=1284]

VM state:not at safepoint (normal execution)

VM Mutex/Monitor currently owned by a thread: None

heap address: 0x00000000a0000000, size: 1536 MB, Compressed Oops mode: 32-bit
Narrow klass base: 0x0000000000000000, Narrow klass shift: 3
Compressed class space size: 1073741824 Address: 0x0000000100000000

Heap:
 PSYoungGen      total 491520K, used 201526K [0x00000000e0000000, 0x00000000ffd00000, 0x0000000100000000)
  eden space 465920K, 43% used [0x00000000e0000000,0x00000000ec4cda88,0x00000000fc700000)
  from space 25600K, 0% used [0x00000000fe400000,0x00000000fe400000,0x00000000ffd00000)
  to   space 27648K, 0% used [0x00000000fc700000,0x00000000fc700000,0x00000000fe200000)
 ParOldGen       total 215552K, used 87047K [0x00000000a0000000, 0x00000000ad280000, 0x00000000e0000000)
  object space 215552K, 40% used [0x00000000a0000000,0x00000000a5501ef8,0x00000000ad280000)
 Metaspace       used 79763K, capacity 82668K, committed 84184K, reserved 1122304K
  class space    used 10367K, capacity 10933K, committed 11264K, reserved 1048576K

Card table byte_map: [0x0000000012840000,0x0000000012b50000] byte_map_base: 0x0000000012340000

Marking Bits: (ParMarkBitMap*) 0x0000000075b79f30
 Begin Bits: [0x0000000013150000, 0x0000000014950000)
 End Bits:   [0x0000000014950000, 0x0000000016150000)

Polling page: 0x0000000003110000

CodeCache: size=245760Kb used=50314Kb max_used=50861Kb free=195445Kb
 bounds [0x0000000003480000, 0x00000000066a0000, 0x0000000012480000]
 total_blobs=14594 nmethods=13762 adapters=742
 compilation: enabled

Compilation events (10 events):
Event: 2206.023 Thread 0x0000000016e1a000 17188       2       com.android.tools.r8.t.a.a.G.b::a (81 bytes)
Event: 2206.023 Thread 0x0000000016e1a000 nmethod 17188 0x0000000005301e10 code [0x0000000005301fa0, 0x00000000053023c8]
Event: 2206.063 Thread 0x0000000016e1a000 17189       2       com.android.tools.r8.ir.code.Y::a (45 bytes)
Event: 2206.064 Thread 0x0000000016e1a000 nmethod 17189 0x00000000056a3c10 code [0x00000000056a3dc0, 0x00000000056a40c8]
Event: 2206.342 Thread 0x0000000016e1a000 17191       2       java.util.zip.ZipFile::finalize (5 bytes)
Event: 2206.342 Thread 0x0000000016e1a000 nmethod 17191 0x00000000055c1a50 code [0x00000000055c1bc0, 0x00000000055c1d48]
Event: 2206.383 Thread 0x0000000016e1a000 17193       2       com.android.tools.r8.code.SgetBoolean::<init> (7 bytes)
Event: 2206.383 Thread 0x0000000016e1a000 nmethod 17193 0x00000000057b7850 code [0x00000000057b79c0, 0x00000000057b7b28]
Event: 2206.400 Thread 0x0000000016e1a000 17194       1       com.android.tools.r8.ir.code.Instruction::r (2 bytes)
Event: 2206.400 Thread 0x0000000016e1a000 nmethod 17194 0x0000000005e9a090 code [0x0000000005e9a1e0, 0x0000000005e9a2f0]

GC Heap History (10 events):
Event: 2203.900 GC heap before
{Heap before GC invocations=48 (full 5):
 PSYoungGen      total 501760K, used 493957K [0x00000000e0000000, 0x0000000100000000, 0x0000000100000000)
  eden space 480256K, 100% used [0x00000000e0000000,0x00000000fd500000,0x00000000fd500000)
  from space 21504K, 63% used [0x00000000fea00000,0x00000000ff7615a0,0x00000000fff00000)
  to   space 21504K, 0% used [0x00000000fd500000,0x00000000fd500000,0x00000000fea00000)
 ParOldGen       total 213504K, used 143388K [0x00000000a0000000, 0x00000000ad080000, 0x00000000e0000000)
  object space 213504K, 67% used [0x00000000a0000000,0x00000000a8c073d8,0x00000000ad080000)
 Metaspace       used 79728K, capacity 82596K, committed 84184K, reserved 1122304K
  class space    used 10365K, capacity 10933K, committed 11264K, reserved 1048576K
Event: 2203.926 GC heap after
Heap after GC invocations=48 (full 5):
 PSYoungGen      total 501760K, used 21486K [0x00000000e0000000, 0x0000000100000000, 0x0000000100000000)
  eden space 480256K, 0% used [0x00000000e0000000,0x00000000e0000000,0x00000000fd500000)
  from space 21504K, 99% used [0x00000000fd500000,0x00000000fe9fb8d0,0x00000000fea00000)
  to   space 22528K, 0% used [0x00000000fea00000,0x00000000fea00000,0x0000000100000000)
 ParOldGen       total 213504K, used 161478K [0x00000000a0000000, 0x00000000ad080000, 0x00000000e0000000)
  object space 213504K, 75% used [0x00000000a0000000,0x00000000a9db1a28,0x00000000ad080000)
 Metaspace       used 79728K, capacity 82596K, committed 84184K, reserved 1122304K
  class space    used 10365K, capacity 10933K, committed 11264K, reserved 1048576K
}
Event: 2204.714 GC heap before
{Heap before GC invocations=49 (full 5):
 PSYoungGen      total 501760K, used 501742K [0x00000000e0000000, 0x0000000100000000, 0x0000000100000000)
  eden space 480256K, 100% used [0x00000000e0000000,0x00000000fd500000,0x00000000fd500000)
  from space 21504K, 99% used [0x00000000fd500000,0x00000000fe9fb8d0,0x00000000fea00000)
  to   space 22528K, 0% used [0x00000000fea00000,0x00000000fea00000,0x0000000100000000)
 ParOldGen       total 213504K, used 161478K [0x00000000a0000000, 0x00000000ad080000, 0x00000000e0000000)
  object space 213504K, 75% used [0x00000000a0000000,0x00000000a9db1a28,0x00000000ad080000)
 Metaspace       used 79732K, capacity 82596K, committed 84184K, reserved 1122304K
  class space    used 10365K, capacity 10933K, committed 11264K, reserved 1048576K
Event: 2204.739 GC heap after
Heap after GC invocations=49 (full 5):
 PSYoungGen      total 487424K, used 12418K [0x00000000e0000000, 0x0000000100000000, 0x0000000100000000)
  eden space 464896K, 0% used [0x00000000e0000000,0x00000000e0000000,0x00000000fc600000)
  from space 22528K, 55% used [0x00000000fea00000,0x00000000ff620ac0,0x0000000100000000)
  to   space 29696K, 0% used [0x00000000fc600000,0x00000000fc600000,0x00000000fe300000)
 ParOldGen       total 213504K, used 182072K [0x00000000a0000000, 0x00000000ad080000, 0x00000000e0000000)
  object space 213504K, 85% used [0x00000000a0000000,0x00000000ab1ce308,0x00000000ad080000)
 Metaspace       used 79732K, capacity 82596K, committed 84184K, reserved 1122304K
  class space    used 10365K, capacity 10933K, committed 11264K, reserved 1048576K
}
Event: 2205.426 GC heap before
{Heap before GC invocations=50 (full 5):
 PSYoungGen      total 487424K, used 477314K [0x00000000e0000000, 0x0000000100000000, 0x0000000100000000)
  eden space 464896K, 100% used [0x00000000e0000000,0x00000000fc600000,0x00000000fc600000)
  from space 22528K, 55% used [0x00000000fea00000,0x00000000ff620ac0,0x0000000100000000)
  to   space 29696K, 0% used [0x00000000fc600000,0x00000000fc600000,0x00000000fe300000)
 ParOldGen       total 213504K, used 182072K [0x00000000a0000000, 0x00000000ad080000, 0x00000000e0000000)
  object space 213504K, 85% used [0x00000000a0000000,0x00000000ab1ce308,0x00000000ad080000)
 Metaspace       used 79745K, capacity 82660K, committed 84184K, reserved 1122304K
  class space    used 10365K, capacity 10933K, committed 11264K, reserved 1048576K
Event: 2205.448 GC heap after
Heap after GC invocations=50 (full 5):
 PSYoungGen      total 494592K, used 8576K [0x00000000e0000000, 0x0000000100000000, 0x0000000100000000)
  eden space 464896K, 0% used [0x00000000e0000000,0x00000000e0000000,0x00000000fc600000)
  from space 29696K, 28% used [0x00000000fc600000,0x00000000fce60000,0x00000000fe300000)
  to   space 28672K, 0% used [0x00000000fe400000,0x00000000fe400000,0x0000000100000000)
 ParOldGen       total 213504K, used 191936K [0x00000000a0000000, 0x00000000ad080000, 0x00000000e0000000)
  object space 213504K, 89% used [0x00000000a0000000,0x00000000abb70128,0x00000000ad080000)
 Metaspace       used 79745K, capacity 82660K, committed 84184K, reserved 1122304K
  class space    used 10365K, capacity 10933K, committed 11264K, reserved 1048576K
}
Event: 2206.115 GC heap before
{Heap before GC invocations=51 (full 5):
 PSYoungGen      total 494592K, used 473472K [0x00000000e0000000, 0x0000000100000000, 0x0000000100000000)
  eden space 464896K, 100% used [0x00000000e0000000,0x00000000fc600000,0x00000000fc600000)
  from space 29696K, 28% used [0x00000000fc600000,0x00000000fce60000,0x00000000fe300000)
  to   space 28672K, 0% used [0x00000000fe400000,0x00000000fe400000,0x0000000100000000)
 ParOldGen       total 213504K, used 191936K [0x00000000a0000000, 0x00000000ad080000, 0x00000000e0000000)
  object space 213504K, 89% used [0x00000000a0000000,0x00000000abb70128,0x00000000ad080000)
 Metaspace       used 79762K, capacity 82668K, committed 84184K, reserved 1122304K
  class space    used 10367K, capacity 10933K, committed 11264K, reserved 1048576K
Event: 2206.142 GC heap after
Heap after GC invocations=51 (full 5):
 PSYoungGen      total 491520K, used 9824K [0x00000000e0000000, 0x00000000ffd00000, 0x0000000100000000)
  eden space 465920K, 0% used [0x00000000e0000000,0x00000000e0000000,0x00000000fc700000)
  from space 25600K, 38% used [0x00000000fe400000,0x00000000fed98010,0x00000000ffd00000)
  to   space 27648K, 0% used [0x00000000fc700000,0x00000000fc700000,0x00000000fe200000)
 ParOldGen       total 213504K, used 200293K [0x00000000a0000000, 0x00000000ad080000, 0x00000000e0000000)
  object space 213504K, 93% used [0x00000000a0000000,0x00000000ac399620,0x00000000ad080000)
 Metaspace       used 79762K, capacity 82668K, committed 84184K, reserved 1122304K
  class space    used 10367K, capacity 10933K, committed 11264K, reserved 1048576K
}
Event: 2206.142 GC heap before
{Heap before GC invocations=52 (full 6):
 PSYoungGen      total 491520K, used 9824K [0x00000000e0000000, 0x00000000ffd00000, 0x0000000100000000)
  eden space 465920K, 0% used [0x00000000e0000000,0x00000000e0000000,0x00000000fc700000)
  from space 25600K, 38% used [0x00000000fe400000,0x00000000fed98010,0x00000000ffd00000)
  to   space 27648K, 0% used [0x00000000fc700000,0x00000000fc700000,0x00000000fe200000)
 ParOldGen       total 213504K, used 200293K [0x00000000a0000000, 0x00000000ad080000, 0x00000000e0000000)
  object space 213504K, 93% used [0x00000000a0000000,0x00000000ac399620,0x00000000ad080000)
 Metaspace       used 79762K, capacity 82668K, committed 84184K, reserved 1122304K
  class space    used 10367K, capacity 10933K, committed 11264K, reserved 1048576K
Event: 2206.340 GC heap after
Heap after GC invocations=52 (full 6):
 PSYoungGen      total 491520K, used 0K [0x00000000e0000000, 0x00000000ffd00000, 0x0000000100000000)
  eden space 465920K, 0% used [0x00000000e0000000,0x00000000e0000000,0x00000000fc700000)
  from space 25600K, 0% used [0x00000000fe400000,0x00000000fe400000,0x00000000ffd00000)
  to   space 27648K, 0% used [0x00000000fc700000,0x00000000fc700000,0x00000000fe200000)
 ParOldGen       total 215552K, used 87047K [0x00000000a0000000, 0x00000000ad280000, 0x00000000e0000000)
  object space 215552K, 40% used [0x00000000a0000000,0x00000000a5501ef8,0x00000000ad280000)
 Metaspace       used 79762K, capacity 82668K, committed 84184K, reserved 1122304K
  class space    used 10367K, capacity 10933K, committed 11264K, reserved 1048576K
}

Deoptimization events (10 events):
Event: 2202.317 Thread 0x000000001cba2800 Uncommon trap: reason=predicate action=maybe_recompile pc=0x00000000062feed4 method=java.util.TimSort.mergeHi(IIII)V @ 191
Event: 2203.007 Thread 0x000000001cba6800 Uncommon trap: reason=array_check action=maybe_recompile pc=0x0000000005f984d4 method=java.util.TimSort.mergeHi(IIII)V @ 250
Event: 2203.046 Thread 0x000000001d4dd000 Uncommon trap: reason=array_check action=maybe_recompile pc=0x0000000005f98a34 method=java.util.TimSort.mergeHi(IIII)V @ 171
Event: 2203.046 Thread 0x000000001d4dd000 Uncommon trap: reason=array_check action=maybe_recompile pc=0x0000000005f984d4 method=java.util.TimSort.mergeHi(IIII)V @ 250
Event: 2203.763 Thread 0x000000001d4dd000 Uncommon trap: reason=class_check action=maybe_recompile pc=0x0000000005e8199c method=com.android.tools.r8.ir.code.Instruction.identicalAfterRegisterAllocation(Lcom/android/tools/r8/ir/code/Instruction;Lcom/android/tools/r8/ir/regalloc/RegisterAllocator;)
Event: 2203.763 Thread 0x000000001d4dd000 Uncommon trap: reason=class_check action=maybe_recompile pc=0x0000000005e8199c method=com.android.tools.r8.ir.code.Instruction.identicalAfterRegisterAllocation(Lcom/android/tools/r8/ir/code/Instruction;Lcom/android/tools/r8/ir/regalloc/RegisterAllocator;)
Event: 2205.028 Thread 0x000000001d4dd000 Uncommon trap: reason=unstable_if action=reinterpret pc=0x00000000063d53c8 method=com.android.tools.r8.ir.optimize.b.a(Lcom/android/tools/r8/ir/code/BasicBlock;Lcom/android/tools/r8/ir/code/BasicBlock;)Z @ 116
Event: 2205.501 Thread 0x000000001cba6800 Uncommon trap: reason=class_check action=maybe_recompile pc=0x000000000610234c method=com.android.tools.r8.graph.AppInfo.a(Lcom/android/tools/r8/graph/DexField;)Lcom/android/tools/r8/graph/DexEncodedField; @ 33
Event: 2205.632 Thread 0x000000001cba6000 Uncommon trap: reason=unstable_if action=reinterpret pc=0x000000000620da9c method=com.android.tools.r8.ir.optimize.CodeRewriter.f(Lcom/android/tools/r8/ir/code/IRCode;)V @ 558
Event: 2205.642 Thread 0x000000001cba2800 Uncommon trap: reason=unstable_if action=reinterpret pc=0x00000000061c7ca4 method=com.android.tools.r8.ir.optimize.CodeRewriter.a(Lcom/android/tools/r8/ir/code/IRCode;Lcom/android/tools/r8/utils/InternalOptions;)V @ 62

Classes redefined (0 events):
No events

Internal exceptions (10 events):
Event: 2202.525 Thread 0x000000001cba6000 Exception <a 'sun/nio/fs/WindowsException'> (0x00000000f0f95960) thrown at [D:\src\AOSP-openjdk-cygwin\jdk8u\hotspot\src\share\vm\prims\jni.cpp, line 710]
Event: 2202.637 Thread 0x000000001cba6800 Exception <a 'sun/nio/fs/WindowsException'> (0x00000000f34b8168) thrown at [D:\src\AOSP-openjdk-cygwin\jdk8u\hotspot\src\share\vm\prims\jni.cpp, line 710]
Event: 2203.043 Thread 0x000000001cba6800 Exception <a 'sun/nio/fs/WindowsException'> (0x00000000e2624a08) thrown at [D:\src\AOSP-openjdk-cygwin\jdk8u\hotspot\src\share\vm\prims\jni.cpp, line 710]
Event: 2203.135 Thread 0x000000001d4dd000 Exception <a 'sun/nio/fs/WindowsException'> (0x00000000e3300480) thrown at [D:\src\AOSP-openjdk-cygwin\jdk8u\hotspot\src\share\vm\prims\jni.cpp, line 710]
Event: 2203.156 Thread 0x000000001cba6800 Exception <a 'sun/nio/fs/WindowsException'> (0x00000000e26fde50) thrown at [D:\src\AOSP-openjdk-cygwin\jdk8u\hotspot\src\share\vm\prims\jni.cpp, line 710]
Event: 2203.326 Thread 0x000000001cba2800 Exception <a 'sun/nio/fs/WindowsException'> (0x00000000e75d9978) thrown at [D:\src\AOSP-openjdk-cygwin\jdk8u\hotspot\src\share\vm\prims\jni.cpp, line 710]
Event: 2203.467 Thread 0x000000001cba6800 Exception <a 'sun/nio/fs/WindowsException'> (0x00000000ecf1d5f8) thrown at [D:\src\AOSP-openjdk-cygwin\jdk8u\hotspot\src\share\vm\prims\jni.cpp, line 710]
Event: 2203.471 Thread 0x000000001cba6000 Exception <a 'sun/nio/fs/WindowsException'> (0x00000000ed36e348) thrown at [D:\src\AOSP-openjdk-cygwin\jdk8u\hotspot\src\share\vm\prims\jni.cpp, line 710]
Event: 2203.585 Thread 0x000000001d4dd000 Exception <a 'sun/nio/fs/WindowsException'> (0x00000000f08086c0) thrown at [D:\src\AOSP-openjdk-cygwin\jdk8u\hotspot\src\share\vm\prims\jni.cpp, line 710]
Event: 2203.876 Thread 0x000000001cba6800 Exception <a 'sun/nio/fs/WindowsException'> (0x00000000fc231b60) thrown at [D:\src\AOSP-openjdk-cygwin\jdk8u\hotspot\src\share\vm\prims\jni.cpp, line 710]

Events (10 events):
Event: 2206.387 Thread 0x000000001cba2800 DEOPT PACKING pc=0x000000000595e4c5 sp=0x00000000285aaa90
Event: 2206.387 Thread 0x000000001cba2800 DEOPT UNPACKING pc=0x00000000034c75d0 sp=0x00000000285aab00 mode 0
Event: 2206.400 Thread 0x000000001cba6000 DEOPT PACKING pc=0x0000000005b1ee6e sp=0x00000000284aaaa0
Event: 2206.400 Thread 0x000000001cba6000 DEOPT UNPACKING pc=0x00000000034c75d0 sp=0x00000000284aa9c8 mode 0
Event: 2206.414 Thread 0x000000001d4dd000 DEOPT PACKING pc=0x000000000595e4c5 sp=0x00000000277a7cb0
Event: 2206.414 Thread 0x000000001d4dd000 DEOPT UNPACKING pc=0x00000000034c75d0 sp=0x00000000277a7d20 mode 0
Event: 2206.440 Thread 0x000000001cba6800 DEOPT PACKING pc=0x000000000595e4c5 sp=0x00000000286aa670
Event: 2206.440 Thread 0x000000001cba6800 DEOPT UNPACKING pc=0x00000000034c75d0 sp=0x00000000286aa6e0 mode 0
Event: 2206.446 Thread 0x000000001cba6800 DEOPT PACKING pc=0x000000000595e4c5 sp=0x00000000286aa670
Event: 2206.446 Thread 0x000000001cba6800 DEOPT UNPACKING pc=0x00000000034c75d0 sp=0x00000000286aa6e0 mode 0


Dynamic libraries:
0x00007ff614e50000 - 0x00007ff614e81000 	C:\Program Files\Android\Android Studio\jre\bin\java.exe
0x00007ffd24c10000 - 0x00007ffd24df1000 	C:\WINDOWS\SYSTEM32\ntdll.dll
0x00007ffd22590000 - 0x00007ffd22642000 	C:\WINDOWS\System32\KERNEL32.DLL
0x00007ffd21210000 - 0x00007ffd21483000 	C:\WINDOWS\System32\KERNELBASE.dll
0x00007ffd22bd0000 - 0x00007ffd22c71000 	C:\WINDOWS\System32\ADVAPI32.dll
0x00007ffd24120000 - 0x00007ffd241be000 	C:\WINDOWS\System32\msvcrt.dll
0x00007ffd22830000 - 0x00007ffd2288b000 	C:\WINDOWS\System32\sechost.dll
0x00007ffd24850000 - 0x00007ffd24974000 	C:\WINDOWS\System32\RPCRT4.dll
0x00007ffd24220000 - 0x00007ffd243b0000 	C:\WINDOWS\System32\USER32.dll
0x00007ffd20fb0000 - 0x00007ffd20fd0000 	C:\WINDOWS\System32\win32u.dll
0x00007ffd22ba0000 - 0x00007ffd22bc8000 	C:\WINDOWS\System32\GDI32.dll
0x00007ffd216b0000 - 0x00007ffd21842000 	C:\WINDOWS\System32\gdi32full.dll
0x00007ffd21490000 - 0x00007ffd2152f000 	C:\WINDOWS\System32\msvcp_win.dll
0x00007ffd215b0000 - 0x00007ffd216aa000 	C:\WINDOWS\System32\ucrtbase.dll
0x00007ffd0d3b0000 - 0x00007ffd0d619000 	C:\WINDOWS\WinSxS\amd64_microsoft.windows.common-controls_6595b64144ccf1df_6.0.17134.376_none_fb439a3730647da2\COMCTL32.dll
0x00007ffd24520000 - 0x00007ffd24843000 	C:\WINDOWS\System32\combase.dll
0x00007ffd21530000 - 0x00007ffd215aa000 	C:\WINDOWS\System32\bcryptPrimitives.dll
0x00007ffd24980000 - 0x00007ffd249ad000 	C:\WINDOWS\System32\IMM32.DLL
0x00007ffd0c170000 - 0x00007ffd0c26c000 	C:\Program Files\Diebold\Warsaw\wslbscrwh64.dll
0x00007ffd1f570000 - 0x00007ffd1f5a1000 	C:\WINDOWS\SYSTEM32\ntmarta.dll
0x00007ffd0c270000 - 0x00007ffd0c38f000 	C:\Program Files\Diebold\Warsaw\wslbscr64.dll
0x00007ffd22c80000 - 0x00007ffd240bf000 	C:\WINDOWS\System32\SHELL32.dll
0x00007ffd211c0000 - 0x00007ffd21209000 	C:\WINDOWS\System32\cfgmgr32.dll
0x00007ffd224e0000 - 0x00007ffd22589000 	C:\WINDOWS\System32\shcore.dll
0x00007ffd218b0000 - 0x00007ffd21fbd000 	C:\WINDOWS\System32\windows.storage.dll
0x00007ffd241c0000 - 0x00007ffd24211000 	C:\WINDOWS\System32\shlwapi.dll
0x00007ffd20f90000 - 0x00007ffd20fa1000 	C:\WINDOWS\System32\kernel.appcore.dll
0x00007ffd20f00000 - 0x00007ffd20f1f000 	C:\WINDOWS\System32\profapi.dll
0x00007ffd20f40000 - 0x00007ffd20f8c000 	C:\WINDOWS\System32\powrprof.dll
0x00007ffd20ef0000 - 0x00007ffd20efa000 	C:\WINDOWS\System32\FLTLIB.DLL
0x00000000751f0000 - 0x00000000752c2000 	C:\Program Files\Android\Android Studio\jre\jre\bin\msvcr100.dll
0x00000000753b0000 - 0x0000000075bf6000 	C:\Program Files\Android\Android Studio\jre\jre\bin\server\jvm.dll
0x00007ffd22070000 - 0x00007ffd22078000 	C:\WINDOWS\System32\PSAPI.DLL
0x00007ffd115a0000 - 0x00007ffd115a9000 	C:\WINDOWS\SYSTEM32\WSOCK32.dll
0x00007ffd135d0000 - 0x00007ffd135da000 	C:\WINDOWS\SYSTEM32\VERSION.dll
0x0000000003130000 - 0x000000000319c000 	C:\WINDOWS\System32\WS2_32.dll
0x00007ffd1e6c0000 - 0x00007ffd1e6e3000 	C:\WINDOWS\SYSTEM32\WINMM.dll
0x00007ffd1e690000 - 0x00007ffd1e6ba000 	C:\WINDOWS\SYSTEM32\WINMMBASE.dll
0x00007ffd1fcb0000 - 0x00007ffd1fcbf000 	C:\Program Files\Android\Android Studio\jre\jre\bin\verify.dll
0x00007ffd1f720000 - 0x00007ffd1f749000 	C:\Program Files\Android\Android Studio\jre\jre\bin\java.dll
0x00007ffd1c1b0000 - 0x00007ffd1c1c6000 	C:\Program Files\Android\Android Studio\jre\jre\bin\zip.dll
0x00007ffd167c0000 - 0x00007ffd167da000 	C:\Program Files\Android\Android Studio\jre\jre\bin\net.dll
0x00007ffd20410000 - 0x00007ffd20476000 	C:\WINDOWS\system32\mswsock.dll
0x00007ffd167a0000 - 0x00007ffd167b1000 	C:\Program Files\Android\Android Studio\jre\jre\bin\nio.dll
0x00007ffd209a0000 - 0x00007ffd209c6000 	C:\Users\Tym\.gradle\native\29\windows-amd64\native-platform.dll
0x00007ffd18760000 - 0x00007ffd1876d000 	C:\Program Files\Android\Android Studio\jre\jre\bin\management.dll
0x00007ffd20c10000 - 0x00007ffd20c27000 	C:\WINDOWS\SYSTEM32\CRYPTSP.dll
0x00007ffd1fff0000 - 0x00007ffd20023000 	C:\WINDOWS\system32\rsaenh.dll
0x00007ffd20a10000 - 0x00007ffd20a35000 	C:\WINDOWS\SYSTEM32\bcrypt.dll
0x00007ffd20e20000 - 0x00007ffd20e48000 	C:\WINDOWS\SYSTEM32\USERENV.dll
0x00007ffd205c0000 - 0x00007ffd205cb000 	C:\WINDOWS\SYSTEM32\CRYPTBASE.dll
0x00007ffd20190000 - 0x00007ffd201c8000 	C:\WINDOWS\SYSTEM32\IPHLPAPI.DLL
0x00007ffd243b0000 - 0x00007ffd243b8000 	C:\WINDOWS\System32\NSI.dll
0x00007ffd19e80000 - 0x00007ffd19e96000 	C:\WINDOWS\SYSTEM32\dhcpcsvc6.DLL
0x00007ffd19e60000 - 0x00007ffd19e7a000 	C:\WINDOWS\SYSTEM32\dhcpcsvc.DLL
0x00007ffd20a40000 - 0x00007ffd20c09000 	C:\WINDOWS\SYSTEM32\dbghelp.dll

VM Arguments:
jvm_args: -Xmx1536m -Dfile.encoding=windows-1252 -Duser.country=BR -Duser.language=pt -Duser.variant 
java_command: org.gradle.launcher.daemon.bootstrap.GradleDaemon 5.4.1
java_class_path (initial): C:\Users\Tym\.gradle\wrapper\dists\gradle-5.4.1-all\3221gyojl5jsh0helicew7rwx\gradle-5.4.1\lib\gradle-launcher-5.4.1.jar
Launcher Type: SUN_STANDARD

Environment Variables:
PATH=C:\Program Files (x86)\Common Files\Oracle\Java\javapath;C:\ProgramData\Oracle\Java\javapath;C:\WINDOWS\system32;C:\WINDOWS;C:\WINDOWS\System32\Wbem;C:\WINDOWS\System32\WindowsPowerShell\v1.0\;C:\WINDOWS\system32;C:\WINDOWS;C:\WINDOWS\System32\Wbem;C:\WINDOWS\System32\WindowsPowerShell\v1.0\;C:\WINDOWS\System32\OpenSSH\;C:\Program Files\Git\cmd;C:\Program Files\dotnet\;C:\Program Files\nodejs\;C:\wamp64\bin\php\php5.6.38;C:\ProgramData\ComposerSetup\bin;C:\php;C:\laragon\bin\php\php-7.1.33-Win32-VC14-x64;C:\laragon\bin\php\php-7.2.19-Win32-VC15-x64;C:\Users\Tym\AppData\Local\Microsoft\WindowsApps;C:\MultiSync\lc\_lca.zip\;C:\Users\Tym\AppData\Roaming\npm;C:\Users\Tym\AppData\Local\Programs\Microsoft VS Code\bin;C:\Program Files\MySQL\MySQL Workbench 8.0 CE;C:\Users\Tym\AppData\Roaming\Composer\vendor\bin;C:\laragon\bin\php\php-7.2.19-Win32-VC15-x64;C:\php;C:\laragon\bin\php\php-7.1.33-Win32-VC14-x64;
USERNAME=Tym
OS=Windows_NT
PROCESSOR_IDENTIFIER=Intel64 Family 6 Model 42 Stepping 7, GenuineIntel



---------------  S Y S T E M  ---------------

OS: Windows 10.0 , 64 bit Build 17134 (10.0.17134.1)

CPU:total 4 (initial active 4) (4 cores per cpu, 1 threads per core) family 6 model 42 stepping 7, cmov, cx8, fxsr, mmx, sse, sse2, sse3, ssse3, sse4.1, sse4.2, popcnt, avx, aes, clmul, tsc, tscinvbit

Memory: 4k page, physical 7877692k(2792064k free), swap 10618472k(4171248k free)

vm_info: OpenJDK 64-Bit Server VM (25.202-b03) for windows-amd64 JRE (1.8.0_202-release-1483-b03), built by "builder" with MS VC++ 10.0 (VS2010)

time: Wed Nov 13 08:40:19 2019
timezone: Hora oficial do Brasil
elapsed time: 2206 seconds (0d 0h 36m 46s)

